# JRE version: Java(TM) SE Runtime Environment (8.0_66-b17) (build 1.8.0_66-b17)
# Java VM: Java HotSpot(TM) 64-Bit Server VM (25.66-b17 mixed mode linux-amd64 compressed oops)
Heap:
 PSYoungGen      total 1074688K, used 42478K [0x0000000670f80000, 0x00000006b5280000, 0x00000007c0000000)
  eden space 1032192K, 0% used [0x0000000670f80000,0x0000000670f80000,0x00000006aff80000)
  from space 42496K, 99% used [0x00000006aff80000,0x00000006b28fb9b8,0x00000006b2900000)
  to   space 42496K, 0% used [0x00000006b2900000,0x00000006b2900000,0x00000006b5280000)
 ParOldGen       total 687104K, used 47737K [0x00000003d2e00000, 0x00000003fcd00000, 0x0000000670f80000)
  object space 687104K, 6% used [0x00000003d2e00000,0x00000003d5c9e718,0x00000003fcd00000)
 Metaspace       used 5536K, capacity 5748K, committed 5888K, reserved 1056768K
  class space    used 594K, capacity 668K, committed 768K, reserved 1048576K
GC Heap History (9 events):
Event: 2.108 GC heap before
{Heap before GC invocations=1 (full 0):
 PSYoungGen      total 300544K, used 258048K [0x0000000670f80000, 0x0000000685e80000, 0x00000007c0000000)
  eden space 258048K, 100% used [0x0000000670f80000,0x0000000680b80000,0x0000000680b80000)
  from space 42496K, 0% used [0x0000000683500000,0x0000000683500000,0x0000000685e80000)
  to   space 42496K, 0% used [0x0000000680b80000,0x0000000680b80000,0x0000000683500000)
 ParOldGen       total 687104K, used 0K [0x00000003d2e00000, 0x00000003fcd00000, 0x0000000670f80000)
  object space 687104K, 0% used [0x00000003d2e00000,0x00000003d2e00000,0x00000003fcd00000)
 Metaspace       used 4538K, capacity 5140K, committed 5248K, reserved 1056768K
  class space    used 510K, capacity 572K, committed 640K, reserved 1048576K
Event: 2.299 GC heap after
Heap after GC invocations=1 (full 0):
 PSYoungGen      total 300544K, used 28240K [0x0000000670f80000, 0x0000000695a80000, 0x00000007c0000000)
  eden space 258048K, 0% used [0x0000000670f80000,0x0000000670f80000,0x0000000680b80000)
  from space 42496K, 66% used [0x0000000680b80000,0x0000000682714010,0x0000000683500000)
  to   space 42496K, 0% used [0x0000000693100000,0x0000000693100000,0x0000000695a80000)
 ParOldGen       total 687104K, used 8K [0x00000003d2e00000, 0x00000003fcd00000, 0x0000000670f80000)
  object space 687104K, 0% used [0x00000003d2e00000,0x00000003d2e02000,0x00000003fcd00000)
 Metaspace       used 4538K, capacity 5140K, committed 5248K, reserved 1056768K
  class space    used 510K, capacity 572K, committed 640K, reserved 1048576K
}
Event: 2.692 GC heap before
{Heap before GC invocations=2 (full 0):
 PSYoungGen      total 300544K, used 286288K [0x0000000670f80000, 0x0000000695a80000, 0x00000007c0000000)
  eden space 258048K, 100% used [0x0000000670f80000,0x0000000680b80000,0x0000000680b80000)
  from space 42496K, 66% used [0x0000000680b80000,0x0000000682714010,0x0000000683500000)
  to   space 42496K, 0% used [0x0000000693100000,0x0000000693100000,0x0000000695a80000)
 ParOldGen       total 687104K, used 8K [0x00000003d2e00000, 0x00000003fcd00000, 0x0000000670f80000)
  object space 687104K, 0% used [0x00000003d2e00000,0x00000003d2e02000,0x00000003fcd00000)
 Metaspace       used 4557K, capacity 5140K, committed 5248K, reserved 1056768K
  class space    used 510K, capacity 572K, committed 640K, reserved 1048576K
Event: 3.063 GC heap after
Heap after GC invocations=2 (full 0):
 PSYoungGen      total 558592K, used 42468K [0x0000000670f80000, 0x0000000695a80000, 0x00000007c0000000)
  eden space 516096K, 0% used [0x0000000670f80000,0x0000000670f80000,0x0000000690780000)
  from space 42496K, 99% used [0x0000000693100000,0x0000000695a79298,0x0000000695a80000)
  to   space 42496K, 0% used [0x0000000690780000,0x0000000690780000,0x0000000693100000)
 ParOldGen       total 687104K, used 16656K [0x00000003d2e00000, 0x00000003fcd00000, 0x0000000670f80000)
  object space 687104K, 2% used [0x00000003d2e00000,0x00000003d3e44000,0x00000003fcd00000)
 Metaspace       used 4557K, capacity 5140K, committed 5248K, reserved 1056768K
  class space    used 510K, capacity 572K, committed 640K, reserved 1048576K
}
Event: 6.511 GC heap before
{Heap before GC invocations=3 (full 0):
 PSYoungGen      total 558592K, used 558564K [0x0000000670f80000, 0x0000000695a80000, 0x00000007c0000000)
  eden space 516096K, 100% used [0x0000000670f80000,0x0000000690780000,0x0000000690780000)
  from space 42496K, 99% used [0x0000000693100000,0x0000000695a79298,0x0000000695a80000)
  to   space 42496K, 0% used [0x0000000690780000,0x0000000690780000,0x0000000693100000)
 ParOldGen       total 687104K, used 16656K [0x00000003d2e00000, 0x00000003fcd00000, 0x0000000670f80000)
  object space 687104K, 2% used [0x00000003d2e00000,0x00000003d3e44000,0x00000003fcd00000)
 Metaspace       used 5497K, capacity 5620K, committed 5888K, reserved 1056768K
  class space    used 594K, capacity 668K, committed 768K, reserved 1048576K
Event: 7.023 GC heap after
Heap after GC invocations=3 (full 0):
 PSYoungGen      total 558592K, used 42494K [0x0000000670f80000, 0x00000006b5280000, 0x00000007c0000000)
  eden space 516096K, 0% used [0x0000000670f80000,0x0000000670f80000,0x0000000690780000)
  from space 42496K, 99% used [0x0000000690780000,0x00000006930ff9c8,0x0000000693100000)
  to   space 42496K, 0% used [0x00000006b2900000,0x00000006b2900000,0x00000006b5280000)
 ParOldGen       total 687104K, used 46201K [0x00000003d2e00000, 0x00000003fcd00000, 0x0000000670f80000)
  object space 687104K, 6% used [0x00000003d2e00000,0x00000003d5b1e718,0x00000003fcd00000)
 Metaspace       used 5497K, capacity 5620K, committed 5888K, reserved 1056768K
  class space    used 594K, capacity 668K, committed 768K, reserved 1048576K
}
Event: 8.203 GC heap before
{Heap before GC invocations=4 (full 0):
 PSYoungGen      total 558592K, used 558590K [0x0000000670f80000, 0x00000006b5280000, 0x00000007c0000000)
  eden space 516096K, 100% used [0x0000000670f80000,0x0000000690780000,0x0000000690780000)
  from space 42496K, 99% used [0x0000000690780000,0x00000006930ff9c8,0x0000000693100000)
  to   space 42496K, 0% used [0x00000006b2900000,0x00000006b2900000,0x00000006b5280000)
 ParOldGen       total 687104K, used 46201K [0x00000003d2e00000, 0x00000003fcd00000, 0x0000000670f80000)
  object space 687104K, 6% used [0x00000003d2e00000,0x00000003d5b1e718,0x00000003fcd00000)
 Metaspace       used 5510K, capacity 5620K, committed 5888K, reserved 1056768K
  class space    used 594K, capacity 668K, committed 768K, reserved 1048576K
Event: 8.410 GC heap after
Heap after GC invocations=4 (full 0):
 PSYoungGen      total 1074688K, used 42480K [0x0000000670f80000, 0x00000006b5280000, 0x00000007c0000000)
  eden space 1032192K, 0% used [0x0000000670f80000,0x0000000670f80000,0x00000006aff80000)
  from space 42496K, 99% used [0x00000006b2900000,0x00000006b527c150,0x00000006b5280000)
  to   space 42496K, 0% used [0x00000006aff80000,0x00000006aff80000,0x00000006b2900000)
 ParOldGen       total 687104K, used 46225K [0x00000003d2e00000, 0x00000003fcd00000, 0x0000000670f80000)
  object space 687104K, 6% used [0x00000003d2e00000,0x00000003d5b24718,0x00000003fcd00000)
 Metaspace       used 5510K, capacity 5620K, committed 5888K, reserved 1056768K
  class space    used 594K, capacity 668K, committed 768K, reserved 1048576K
}
Event: 12.782 GC heap before
{Heap before GC invocations=5 (full 0):
 PSYoungGen      total 1074688K, used 1074672K [0x0000000670f80000, 0x00000006b5280000, 0x00000007c0000000)
  eden space 1032192K, 100% used [0x0000000670f80000,0x00000006aff80000,0x00000006aff80000)
  from space 42496K, 99% used [0x00000006b2900000,0x00000006b527c150,0x00000006b5280000)
  to   space 42496K, 0% used [0x00000006aff80000,0x00000006aff80000,0x00000006b2900000)
 ParOldGen       total 687104K, used 46225K [0x00000003d2e00000, 0x00000003fcd00000, 0x0000000670f80000)
  object space 687104K, 6% used [0x00000003d2e00000,0x00000003d5b24718,0x00000003fcd00000)
 Metaspace       used 5536K, capacity 5748K, committed 5888K, reserved 1056768K
  class space    used 594K, capacity 668K, committed 768K, reserved 1048576K

