# JRE version: Java(TM) SE Runtime Environment (8.0_66-b17) (build 1.8.0_66-b17)
# Java VM: Java HotSpot(TM) 64-Bit Server VM (25.66-b17 mixed mode linux-amd64 compressed oops)
Heap:
 PSYoungGen      total 2138624K, used 30142K [0x0000000670f80000, 0x00000006f8080000, 0x00000007c0000000)
  eden space 2064384K, 0% used [0x0000000670f80000,0x0000000670f80000,0x00000006eef80000)
  from space 74240K, 40% used [0x00000006eef80000,0x00000006f0cef9a8,0x00000006f3800000)
  to   space 71168K, 0% used [0x00000006f3b00000,0x00000006f3b00000,0x00000006f8080000)
 ParOldGen       total 687104K, used 60169K [0x00000003d2e00000, 0x00000003fcd00000, 0x0000000670f80000)
  object space 687104K, 8% used [0x00000003d2e00000,0x00000003d68c2768,0x00000003fcd00000)
 Metaspace       used 5544K, capacity 5764K, committed 5888K, reserved 1056768K
  class space    used 594K, capacity 668K, committed 768K, reserved 1048576K
GC Heap History (10 events):
Event: 2.821 GC heap after
Heap after GC invocations=2 (full 0):
 PSYoungGen      total 558592K, used 42484K [0x0000000670f80000, 0x0000000695a80000, 0x00000007c0000000)
  eden space 516096K, 0% used [0x0000000670f80000,0x0000000670f80000,0x0000000690780000)
  from space 42496K, 99% used [0x0000000693100000,0x0000000695a7d288,0x0000000695a80000)
  to   space 42496K, 0% used [0x0000000690780000,0x0000000690780000,0x0000000693100000)
 ParOldGen       total 687104K, used 16584K [0x00000003d2e00000, 0x00000003fcd00000, 0x0000000670f80000)
  object space 687104K, 2% used [0x00000003d2e00000,0x00000003d3e32000,0x00000003fcd00000)
 Metaspace       used 4544K, capacity 5140K, committed 5248K, reserved 1056768K
  class space    used 510K, capacity 572K, committed 640K, reserved 1048576K
}
Event: 6.032 GC heap before
{Heap before GC invocations=3 (full 0):
 PSYoungGen      total 558592K, used 558356K [0x0000000670f80000, 0x0000000695a80000, 0x00000007c0000000)
  eden space 516096K, 99% used [0x0000000670f80000,0x0000000690748158,0x0000000690780000)
  from space 42496K, 99% used [0x0000000693100000,0x0000000695a7d288,0x0000000695a80000)
  to   space 42496K, 0% used [0x0000000690780000,0x0000000690780000,0x0000000693100000)
 ParOldGen       total 687104K, used 16584K [0x00000003d2e00000, 0x00000003fcd00000, 0x0000000670f80000)
  object space 687104K, 2% used [0x00000003d2e00000,0x00000003d3e32000,0x00000003fcd00000)
 Metaspace       used 5491K, capacity 5620K, committed 5888K, reserved 1056768K
  class space    used 594K, capacity 668K, committed 768K, reserved 1048576K
Event: 6.293 GC heap after
Heap after GC invocations=3 (full 0):
 PSYoungGen      total 558592K, used 42466K [0x0000000670f80000, 0x00000006b5280000, 0x00000007c0000000)
  eden space 516096K, 0% used [0x0000000670f80000,0x0000000670f80000,0x0000000690780000)
  from space 42496K, 99% used [0x0000000690780000,0x00000006930f88d8,0x0000000693100000)
  to   space 42496K, 0% used [0x00000006b2900000,0x00000006b2900000,0x00000006b5280000)
 ParOldGen       total 687104K, used 45369K [0x00000003d2e00000, 0x00000003fcd00000, 0x0000000670f80000)
  object space 687104K, 6% used [0x00000003d2e00000,0x00000003d5a4e718,0x00000003fcd00000)
 Metaspace       used 5491K, capacity 5620K, committed 5888K, reserved 1056768K
  class space    used 594K, capacity 668K, committed 768K, reserved 1048576K
}
Event: 7.475 GC heap before
{Heap before GC invocations=4 (full 0):
 PSYoungGen      total 558592K, used 558562K [0x0000000670f80000, 0x00000006b5280000, 0x00000007c0000000)
  eden space 516096K, 100% used [0x0000000670f80000,0x0000000690780000,0x0000000690780000)
  from space 42496K, 99% used [0x0000000690780000,0x00000006930f88d8,0x0000000693100000)
  to   space 42496K, 0% used [0x00000006b2900000,0x00000006b2900000,0x00000006b5280000)
 ParOldGen       total 687104K, used 45369K [0x00000003d2e00000, 0x00000003fcd00000, 0x0000000670f80000)
  object space 687104K, 6% used [0x00000003d2e00000,0x00000003d5a4e718,0x00000003fcd00000)
 Metaspace       used 5505K, capacity 5620K, committed 5888K, reserved 1056768K
  class space    used 594K, capacity 668K, committed 768K, reserved 1048576K
Event: 7.642 GC heap after
Heap after GC invocations=4 (full 0):
 PSYoungGen      total 1074688K, used 42494K [0x0000000670f80000, 0x00000006b5280000, 0x00000007c0000000)
  eden space 1032192K, 0% used [0x0000000670f80000,0x0000000670f80000,0x00000006aff80000)
  from space 42496K, 99% used [0x00000006b2900000,0x00000006b527f9a8,0x00000006b5280000)
  to   space 42496K, 0% used [0x00000006aff80000,0x00000006aff80000,0x00000006b2900000)
 ParOldGen       total 687104K, used 46857K [0x00000003d2e00000, 0x00000003fcd00000, 0x0000000670f80000)
  object space 687104K, 6% used [0x00000003d2e00000,0x00000003d5bc2718,0x00000003fcd00000)
 Metaspace       used 5505K, capacity 5620K, committed 5888K, reserved 1056768K
  class space    used 594K, capacity 668K, committed 768K, reserved 1048576K
}
Event: 12.658 GC heap before
{Heap before GC invocations=5 (full 0):
 PSYoungGen      total 1074688K, used 1074686K [0x0000000670f80000, 0x00000006b5280000, 0x00000007c0000000)
  eden space 1032192K, 100% used [0x0000000670f80000,0x00000006aff80000,0x00000006aff80000)
  from space 42496K, 99% used [0x00000006b2900000,0x00000006b527f9a8,0x00000006b5280000)
  to   space 42496K, 0% used [0x00000006aff80000,0x00000006aff80000,0x00000006b2900000)
 ParOldGen       total 687104K, used 46857K [0x00000003d2e00000, 0x00000003fcd00000, 0x0000000670f80000)
  object space 687104K, 6% used [0x00000003d2e00000,0x00000003d5bc2718,0x00000003fcd00000)
 Metaspace       used 5530K, capacity 5692K, committed 5888K, reserved 1056768K
  class space    used 594K, capacity 668K, committed 768K, reserved 1048576K
Event: 12.812 GC heap after
Heap after GC invocations=5 (full 0):
 PSYoungGen      total 1074688K, used 42414K [0x0000000670f80000, 0x00000006f8680000, 0x00000007c0000000)
  eden space 1032192K, 0% used [0x0000000670f80000,0x0000000670f80000,0x00000006aff80000)
  from space 42496K, 99% used [0x00000006aff80000,0x00000006b28eb9b8,0x00000006b2900000)
  to   space 77312K, 0% used [0x00000006f3b00000,0x00000006f3b00000,0x00000006f8680000)
 ParOldGen       total 687104K, used 46857K [0x00000003d2e00000, 0x00000003fcd00000, 0x0000000670f80000)
  object space 687104K, 6% used [0x00000003d2e00000,0x00000003d5bc2718,0x00000003fcd00000)
 Metaspace       used 5530K, capacity 5692K, committed 5888K, reserved 1056768K
  class space    used 594K, capacity 668K, committed 768K, reserved 1048576K
}
Event: 15.563 GC heap before
{Heap before GC invocations=6 (full 0):
 PSYoungGen      total 1074688K, used 1074606K [0x0000000670f80000, 0x00000006f8680000, 0x00000007c0000000)
  eden space 1032192K, 100% used [0x0000000670f80000,0x00000006aff80000,0x00000006aff80000)
  from space 42496K, 99% used [0x00000006aff80000,0x00000006b28eb9b8,0x00000006b2900000)
  to   space 77312K, 0% used [0x00000006f3b00000,0x00000006f3b00000,0x00000006f8680000)
 ParOldGen       total 687104K, used 46857K [0x00000003d2e00000, 0x00000003fcd00000, 0x0000000670f80000)
  object space 687104K, 6% used [0x00000003d2e00000,0x00000003d5bc2718,0x00000003fcd00000)
 Metaspace       used 5544K, capacity 5764K, committed 5888K, reserved 1056768K
  class space    used 594K, capacity 668K, committed 768K, reserved 1048576K
Event: 15.682 GC heap after
Heap after GC invocations=6 (full 0):
 PSYoungGen      total 2135552K, used 42590K [0x0000000670f80000, 0x00000006f8080000, 0x00000007c0000000)
  eden space 2064384K, 0% used [0x0000000670f80000,0x0000000670f80000,0x00000006eef80000)
  from space 71168K, 59% used [0x00000006f3b00000,0x00000006f64979a8,0x00000006f8080000)
  to   space 74240K, 0% used [0x00000006eef80000,0x00000006eef80000,0x00000006f3800000)
 ParOldGen       total 687104K, used 46865K [0x00000003d2e00000, 0x00000003fcd00000, 0x0000000670f80000)
  object space 687104K, 6% used [0x00000003d2e00000,0x00000003d5bc4718,0x00000003fcd00000)
 Metaspace       used 5544K, capacity 5764K, committed 5888K, reserved 1056768K
  class space    used 594K, capacity 668K, committed 768K, reserved 1048576K
}
Event: 23.894 GC heap before
{Heap before GC invocations=7 (full 0):
 PSYoungGen      total 2135552K, used 2106974K [0x0000000670f80000, 0x00000006f8080000, 0x00000007c0000000)
  eden space 2064384K, 100% used [0x0000000670f80000,0x00000006eef80000,0x00000006eef80000)
  from space 71168K, 59% used [0x00000006f3b00000,0x00000006f64979a8,0x00000006f8080000)
  to   space 74240K, 0% used [0x00000006eef80000,0x00000006eef80000,0x00000006f3800000)
 ParOldGen       total 687104K, used 46865K [0x00000003d2e00000, 0x00000003fcd00000, 0x0000000670f80000)
  object space 687104K, 6% used [0x00000003d2e00000,0x00000003d5bc4718,0x00000003fcd00000)
 Metaspace       used 5544K, capacity 5764K, committed 5888K, reserved 1056768K
  class space    used 594K, capacity 668K, committed 768K, reserved 1048576K

